mode: set
terhandle/internal/features/request-teknisi/service/service.go:12.98,15.2 1 1
terhandle/internal/features/request-teknisi/service/service.go:17.58,19.78 1 1
terhandle/internal/features/request-teknisi/service/service.go:19.78,21.3 1 1
terhandle/internal/features/request-teknisi/service/service.go:22.2,23.16 2 1
terhandle/internal/features/request-teknisi/service/service.go:23.16,25.3 1 0
terhandle/internal/features/request-teknisi/service/service.go:27.2,28.16 2 1
terhandle/internal/features/request-teknisi/service/service.go:28.16,30.3 1 1
terhandle/internal/features/request-teknisi/service/service.go:32.2,32.12 1 1
terhandle/internal/features/request-teknisi/service/service.go:35.79,37.63 1 1
terhandle/internal/features/request-teknisi/service/service.go:37.63,39.3 1 0
terhandle/internal/features/request-teknisi/service/service.go:41.2,41.12 1 1
terhandle/internal/features/request-teknisi/service/service.go:44.70,46.16 2 1
terhandle/internal/features/request-teknisi/service/service.go:46.16,48.3 1 0
terhandle/internal/features/request-teknisi/service/service.go:49.2,49.21 1 1
terhandle/internal/features/request-teknisi/service/service.go:52.71,54.16 2 1
terhandle/internal/features/request-teknisi/service/service.go:54.16,56.3 1 0
terhandle/internal/features/request-teknisi/service/service.go:57.2,57.20 1 1
terhandle/internal/features/request-teknisi/service/service.go:60.77,62.73 1 1
terhandle/internal/features/request-teknisi/service/service.go:62.73,64.3 1 1
terhandle/internal/features/request-teknisi/service/service.go:66.2,66.96 1 1
terhandle/internal/features/request-teknisi/service/service.go:66.96,68.3 1 1
terhandle/internal/features/request-teknisi/service/service.go:70.2,70.12 1 1
terhandle/internal/features/request-teknisi/service/service.go:73.89,75.94 1 1
terhandle/internal/features/request-teknisi/service/service.go:75.94,77.3 1 0
terhandle/internal/features/request-teknisi/service/service.go:79.2,79.88 1 1
terhandle/internal/features/request-teknisi/service/service.go:79.88,81.3 1 0
terhandle/internal/features/request-teknisi/service/service.go:83.2,83.12 1 1
terhandle/internal/features/request-teknisi/service/service.go:86.89,88.87 1 1
terhandle/internal/features/request-teknisi/service/service.go:88.87,90.3 1 1
terhandle/internal/features/request-teknisi/service/service.go:91.2,91.90 1 1
terhandle/internal/features/request-teknisi/service/service.go:91.90,93.3 1 1
terhandle/internal/features/request-teknisi/service/service.go:95.2,95.12 1 1
terhandle/internal/features/request-teknisi/service/service.go:98.91,100.89 1 1
terhandle/internal/features/request-teknisi/service/service.go:100.89,102.3 1 1
terhandle/internal/features/request-teknisi/service/service.go:103.2,103.87 1 1
terhandle/internal/features/request-teknisi/service/service.go:103.87,105.3 1 0
terhandle/internal/features/request-teknisi/service/service.go:107.2,107.12 1 1
