mode: set
terhandle/internal/features/admin/service/service.go:11.86,15.2 1 1
terhandle/internal/features/admin/service/service.go:17.66,20.16 2 1
terhandle/internal/features/admin/service/service.go:20.16,22.3 1 0
terhandle/internal/features/admin/service/service.go:24.2,24.12 1 1
terhandle/internal/features/admin/service/service.go:27.64,29.16 2 1
terhandle/internal/features/admin/service/service.go:29.16,31.3 1 0
terhandle/internal/features/admin/service/service.go:33.2,33.24 1 1
terhandle/internal/features/admin/service/service.go:36.83,38.16 2 1
terhandle/internal/features/admin/service/service.go:38.16,40.3 1 0
terhandle/internal/features/admin/service/service.go:42.2,42.12 1 1
terhandle/internal/features/admin/service/service.go:45.55,47.16 2 1
terhandle/internal/features/admin/service/service.go:47.16,49.3 1 0
terhandle/internal/features/admin/service/service.go:51.2,51.12 1 1
terhandle/internal/features/admin/service/service.go:54.73,56.16 2 1
terhandle/internal/features/admin/service/service.go:56.16,58.3 1 0
terhandle/internal/features/admin/service/service.go:60.2,60.12 1 1
terhandle/internal/features/admin/service/service.go:63.82,65.16 2 1
terhandle/internal/features/admin/service/service.go:65.16,67.3 1 0
terhandle/internal/features/admin/service/service.go:69.2,69.12 1 1
