mode: set
terhandle/internal/features/user/service/service.go:18.84,21.2 1 1
terhandle/internal/features/user/service/service.go:23.58,25.73 2 1
terhandle/internal/features/user/service/service.go:25.73,27.3 1 0
terhandle/internal/features/user/service/service.go:35.2,36.16 2 1
terhandle/internal/features/user/service/service.go:36.16,37.50 1 1
terhandle/internal/features/user/service/service.go:37.50,38.31 1 0
terhandle/internal/features/user/service/service.go:38.31,40.5 1 0
terhandle/internal/features/user/service/service.go:42.3,42.13 1 1
terhandle/internal/features/user/service/service.go:44.2,44.12 1 1
terhandle/internal/features/user/service/service.go:47.83,48.34 1 1
terhandle/internal/features/user/service/service.go:48.34,50.3 1 1
terhandle/internal/features/user/service/service.go:52.2,58.16 3 1
terhandle/internal/features/user/service/service.go:58.16,60.3 1 1
terhandle/internal/features/user/service/service.go:61.2,61.25 1 0
terhandle/internal/features/user/service/service.go:64.81,66.64 1 1
terhandle/internal/features/user/service/service.go:66.64,68.3 1 1
terhandle/internal/features/user/service/service.go:70.2,70.12 1 0
terhandle/internal/features/user/service/service.go:73.63,75.82 1 1
terhandle/internal/features/user/service/service.go:75.82,77.3 1 0
terhandle/internal/features/user/service/service.go:79.2,79.12 1 1
terhandle/internal/features/user/service/service.go:82.56,84.16 2 1
terhandle/internal/features/user/service/service.go:84.16,86.3 1 1
terhandle/internal/features/user/service/service.go:87.2,87.19 1 1
terhandle/internal/features/user/service/service.go:90.84,92.16 2 1
terhandle/internal/features/user/service/service.go:92.16,94.3 1 1
terhandle/internal/features/user/service/service.go:96.2,96.19 1 0
terhandle/internal/features/user/service/service.go:99.69,101.16 2 1
terhandle/internal/features/user/service/service.go:101.16,103.3 1 1
terhandle/internal/features/user/service/service.go:104.2,104.19 1 1
terhandle/internal/features/user/service/service.go:108.55,110.16 2 1
terhandle/internal/features/user/service/service.go:110.16,112.3 1 0
terhandle/internal/features/user/service/service.go:113.2,113.12 1 1
